d:\semester 2\algoritma dan pemrograman\uas\projek visual studio\uas_alpro\uasalpro\x64\debug\vc143.pdb
d:\semester 2\algoritma dan pemrograman\uas\projek visual studio\uas_alpro\uasalpro\x64\debug\.netframework,version=v4.7.2.assemblyattributes.obj
d:\semester 2\algoritma dan pemrograman\uas\projek visual studio\uas_alpro\uasalpro\x64\debug\halamanutama.obj
d:\semester 2\algoritma dan pemrograman\uas\projek visual studio\uas_alpro\uasalpro\x64\debug\persamaankuadrat.obj
d:\semester 2\algoritma dan pemrograman\uas\projek visual studio\uas_alpro\uasalpro\x64\debug\bangunruang.obj
d:\semester 2\algoritma dan pemrograman\uas\projek visual studio\uas_alpro\uasalpro\x64\debug\bangundatar.obj
d:\semester 2\algoritma dan pemrograman\uas\projek visual studio\uas_alpro\uasalpro\x64\debug\hitungpersamaan.obj
d:\semester 2\algoritma dan pemrograman\uas\projek visual studio\uas_alpro\x64\debug\uasalpro.exe
d:\semester 2\algoritma dan pemrograman\uas\projek visual studio\uas_alpro\x64\debug\uasalpro.pdb
d:\semester 2\algoritma dan pemrograman\uas\projek visual studio\uas_alpro\uasalpro\x64\debug\uasalpro.tlog\cl.command.1.tlog
d:\semester 2\algoritma dan pemrograman\uas\projek visual studio\uas_alpro\uasalpro\x64\debug\uasalpro.tlog\cl.items.tlog
d:\semester 2\algoritma dan pemrograman\uas\projek visual studio\uas_alpro\uasalpro\x64\debug\uasalpro.tlog\cl.read.1.tlog
d:\semester 2\algoritma dan pemrograman\uas\projek visual studio\uas_alpro\uasalpro\x64\debug\uasalpro.tlog\cl.write.1.tlog
d:\semester 2\algoritma dan pemrograman\uas\projek visual studio\uas_alpro\uasalpro\x64\debug\uasalpro.tlog\link.command.1.tlog
d:\semester 2\algoritma dan pemrograman\uas\projek visual studio\uas_alpro\uasalpro\x64\debug\uasalpro.tlog\link.read.1.tlog
d:\semester 2\algoritma dan pemrograman\uas\projek visual studio\uas_alpro\uasalpro\x64\debug\uasalpro.tlog\link.secondary.1.tlog
d:\semester 2\algoritma dan pemrograman\uas\projek visual studio\uas_alpro\uasalpro\x64\debug\uasalpro.tlog\link.write.1.tlog
d:\semester 2\algoritma dan pemrograman\uas\projek visual studio\uas_alpro\uasalpro\x64\debug\uasalpro.tlog\metagen.read.1.tlog
d:\semester 2\algoritma dan pemrograman\uas\projek visual studio\uas_alpro\uasalpro\x64\debug\uasalpro.tlog\metagen.write.1.tlog
d:\semester 2\algoritma dan pemrograman\uas\projek visual studio\uas_alpro\uasalpro\x64\debug\uasalpro.tlog\resgen.command.1.tlog
d:\semester 2\algoritma dan pemrograman\uas\projek visual studio\uas_alpro\uasalpro\x64\debug\uasalpro.tlog\resgen.read.1.tlog
d:\semester 2\algoritma dan pemrograman\uas\projek visual studio\uas_alpro\uasalpro\x64\debug\uasalpro.tlog\resgen.write.1.tlog
